<?xml version="1.0"?>
<!DOCTYPE coverage SYSTEM "http://cobertura.sourceforge.net/xml/coverage-04.dtd">
<coverage 
line-rate="0.90" lines-valid="20" lines-covered="18" branches-valid="0" branches-covered="0" branch-rate="1.00" complexity="0" version="1.0" timestamp="1654238401916">
    <sources>
        <source>--source</source>
        <source>/home/knoldus/IdeaProjects/Scala-RabbitMQ/ProducerApp/src/main/scala</source>
    </sources>
    <packages>
        <package name="&lt;empty&gt;" line-rate="0.90" branch-rate="1.00" complexity="0">
            <classes>
                <class name="Sender" filename="Sender.scala" line-rate="0.87" branch-rate="1.00" complexity="0">
                    <methods>
                        <method name="&lt;empty&gt;/Sender/sendMessage" signature="()V" line-rate="0.91" branch-rate="1.00" complexity="0">
                            <lines>
                                <line number="30" hits="1" branch="false"/>
                                <line number="27" hits="1" branch="false"/>
                                <line number="33" hits="1" branch="false"/>
                                <line number="30" hits="1" branch="false"/>
                                <line number="29" hits="1" branch="false"/>
                                <line number="30" hits="1" branch="false"/>
                                <line number="25" hits="0" branch="false"/>
                                <line number="30" hits="1" branch="false"/>
                                <line number="30" hits="1" branch="false"/>
                                <line number="28" hits="1" branch="false"/>
                                <line number="30" hits="1" branch="false"/>
                            </lines>
                        </method>
                        <method 
                        name="&lt;empty&gt;/Sender/initializeConnection" signature="()V" line-rate="0.75" branch-rate="1.00" complexity="0">
                            <lines>
                                <line number="16" hits="1" branch="false"/>
                                <line number="15" hits="0" branch="false"/>
                                <line number="16" hits="1" branch="false"/>
                                <line number="11" hits="1" branch="false"/>
                            </lines>
</method>
                    </methods>
                    <lines>
                        <line number="30" hits="1" branch="false"/>
                        <line number="16" hits="1" branch="false"/>
                        <line number="27" hits="1" branch="false"/>
                        <line number="33" hits="1" branch="false"/>
                        <line number="30" hits="1" branch="false"/>
                        <line number="29" hits="1" branch="false"/>
                        <line number="30" hits="1" branch="false"/>
                        <line number="15" hits="0" branch="false"/>
                        <line number="25" hits="0" branch="false"/>
                        <line number="30" hits="1" branch="false"/>
                        <line number="30" hits="1" branch="false"/>
                        <line number="16" hits="1" branch="false"/>
                        <line number="28" hits="1" branch="false"/>
                        <line number="30" hits="1" branch="false"/>
                        <line number="11" hits="1" branch="false"/>
                    </lines>
                </class>
                <class 
                name="RabbitMQConnection" filename="RabbitMQConnection.scala" line-rate="1.00" branch-rate="1.00" complexity="0">
                    <methods>
                        <method 
                        name="&lt;empty&gt;/RabbitMQConnection/getConnection" signature="()V" line-rate="1.00" branch-rate="1.00" complexity="0">
                            <lines>
                                <line number="10" hits="1" branch="false"/>
                                <line number="8" hits="1" branch="false"/>
                                <line number="12" hits="1" branch="false"/>
                                <line number="9" hits="2" branch="false"/>
                                <line number="11" hits="2" branch="false"/>
                            </lines>
</method>
                    </methods>
                    <lines>
                        <line number="10" hits="1" branch="false"/>
                        <line number="8" hits="1" branch="false"/>
                        <line number="12" hits="1" branch="false"/>
                        <line number="9" hits="2" branch="false"/>
                        <line number="11" hits="2" branch="false"/>
                    </lines>
</class>
            </classes>
        </package>
    </packages>
</coverage>
