<?xml version="1.0"?>
<!DOCTYPE coverage SYSTEM "http://cobertura.sourceforge.net/xml/coverage-04.dtd">
<coverage 
line-rate="0.91" lines-valid="23" lines-covered="21" branches-valid="0" branches-covered="0" branch-rate="1.00" complexity="0" version="1.0" timestamp="1654238411099">
    <sources>
        <source>--source</source>
        <source>/home/knoldus/IdeaProjects/Scala-RabbitMQ/ConsumerApp/src/main/scala</source>
    </sources>
    <packages>
        <package name="&lt;empty&gt;" line-rate="0.91" branch-rate="1.00" complexity="0">
            <classes>
                <class name="Receiver" filename="Receiver.scala" line-rate="0.89" branch-rate="1.00" complexity="0">
                    <methods>
                        <method 
                        name="&lt;empty&gt;/Receiver/consumeMessage" signature="()V" line-rate="0.91" branch-rate="1.00" complexity="0">
                            <lines>
                                <line number="39" hits="1" branch="false"/>
                                <line number="37" hits="1" branch="false"/>
                                <line number="39" hits="1" branch="false"/>
                                <line number="34" hits="1" branch="false"/>
                                <line number="32" hits="0" branch="false"/>
                                <line number="39" hits="1" branch="false"/>
                                <line number="36" hits="1" branch="false"/>
                                <line number="39" hits="1" branch="false"/>
                                <line number="39" hits="1" branch="false"/>
                                <line number="39" hits="1" branch="false"/>
                                <line number="35" hits="1" branch="false"/>
                            </lines>
</method>
                        <method 
                        name="&lt;empty&gt;/Receiver/initializeConnection" signature="()V" line-rate="0.75" branch-rate="1.00" complexity="0">
                            <lines>
                                <line number="16" hits="1" branch="false"/>
                                <line number="15" hits="0" branch="false"/>
                                <line number="16" hits="1" branch="false"/>
                                <line number="10" hits="1" branch="false"/>
                            </lines>
</method>
                        <method name="&lt;empty&gt;/Receiver/&lt;none&gt;" signature="()V" line-rate="1.00" branch-rate="1.00" complexity="0">
                            <lines>
                                <line number="22" hits="1" branch="false"/>
                                <line number="22" hits="1" branch="false"/>
                                <line number="22" hits="1" branch="false"/>
                            </lines>
                        </method>
                    </methods>
                    <lines>
                        <line number="39" hits="1" branch="false"/>
                        <line number="37" hits="1" branch="false"/>
                        <line number="16" hits="1" branch="false"/>
                        <line number="22" hits="1" branch="false"/>
                        <line number="39" hits="1" branch="false"/>
                        <line number="34" hits="1" branch="false"/>
                        <line number="32" hits="0" branch="false"/>
                        <line number="39" hits="1" branch="false"/>
                        <line number="36" hits="1" branch="false"/>
                        <line number="15" hits="0" branch="false"/>
                        <line number="22" hits="1" branch="false"/>
                        <line number="39" hits="1" branch="false"/>
                        <line number="39" hits="1" branch="false"/>
                        <line number="16" hits="1" branch="false"/>
                        <line number="39" hits="1" branch="false"/>
                        <line number="22" hits="1" branch="false"/>
                        <line number="35" hits="1" branch="false"/>
                        <line number="10" hits="1" branch="false"/>
                    </lines>
                </class>
                <class 
                name="RabbitMQConnection" filename="RabbitMQConnection.scala" line-rate="1.00" branch-rate="1.00" complexity="0">
                    <methods>
                        <method 
                        name="&lt;empty&gt;/RabbitMQConnection/getConnection" signature="()V" line-rate="1.00" branch-rate="1.00" complexity="0">
                            <lines>
                                <line number="11" hits="2" branch="false"/>
                                <line number="9" hits="2" branch="false"/>
                                <line number="13" hits="1" branch="false"/>
                                <line number="10" hits="2" branch="false"/>
                                <line number="12" hits="1" branch="false"/>
                            </lines>
</method>
                    </methods>
                    <lines>
                        <line number="11" hits="2" branch="false"/>
                        <line number="9" hits="2" branch="false"/>
                        <line number="13" hits="1" branch="false"/>
                        <line number="10" hits="2" branch="false"/>
                        <line number="12" hits="1" branch="false"/>
                    </lines>
</class>
            </classes>
        </package>
    </packages>
</coverage>
